sample.interval=5000
"lazyLoadDBfetch" "linkages" 
"<Anonymous>" "lazyLoadDBfetch" "linkages" 
"<Anonymous>" "lazyLoadDBfetch" "linkages" 
"FUN" "lapply" "FUN" "lapply" "findLocalsList1" "findLocalsList" "funEnv" "make.functionContext" "cmpfun" "doTryCatch" "tryCatchOne" "tryCatchList" "tryCatch" "compiler:::tryCmpfun" "decomp" "linkages" 
"decomp" "linkages" 
"decomp" "linkages" 
"decomp" "linkages" 
"decomp" "linkages" 
"decomp" "linkages" 
"decomp" "linkages" 
"decomp" "linkages" 
"decomp" "linkages" 
"decomp" "linkages" 
"decomp" "linkages" 
"lazyLoadDBfetch" "get" "as.matrix" "decomp" "linkages" 
"lapply" "FUN" "lapply" "findLocalsList1" "findLocalsList" "funEnv" "make.functionContext" "cmpfun" "doTryCatch" "tryCatchOne" "tryCatchList" "tryCatch" "compiler:::tryCmpfun" "kill" "linkages" 
"kill" "linkages" 
"kill" "linkages" 
"kill" "linkages" 
"kill" "linkages" 
"kill" "linkages" 
"kill" "linkages" 
"kill" "linkages" 
"kill" "linkages" 
"decomp" "linkages" 
"decomp" "linkages" 
"rweibull" "kill" "linkages" 
"length" "[.data.frame" "[" "decomp" "linkages" 
"grow.opt" "linkages" 
"runif" "kill" "linkages" 
"rweibull" "kill" "linkages" 
"rweibull" "kill" "linkages" 
"kill" "linkages" 
"rweibull" "kill" "linkages" 
"rweibull" "kill" "linkages" 
"decomp" "linkages" 
"[[.data.frame" "[[" "[.data.frame" "[" "as.matrix" "decomp" "linkages" 
"birth" "linkages" 
"kill" "linkages" 
"rweibull" "kill" "linkages" 
"kill" "linkages" 
"kill" "linkages" 
"levels" "Ops.factor" "birth" "linkages" 
"birth" "linkages" 
"decomp" "linkages" 
"as.matrix.data.frame" "as.matrix" "decomp" "linkages" 
"moist" "linkages" 
"decomp" "linkages" 
"Ops.factor" "birth" "linkages" 
"seq_along" "[.data.frame" "[" "as.matrix" "decomp" "linkages" 
"rweibull" "kill" "linkages" 
"grow.opt" "linkages" 
"as.matrix.data.frame" "as.matrix" "decomp" "linkages" 
"-" "decomp" "linkages" 
"rweibull" "kill" "linkages" 
"linkages" 
"rweibull" "kill" "linkages" 
"kill" "linkages" 
"vapply" "as.matrix.data.frame" "as.matrix" "decomp" "linkages" 
"decomp" "linkages" 
"rev.default" "rev" "grow.opt" "linkages" 
"unlist" "linkages" 
"Ops.factor" "birth" "linkages" 
"[.data.frame" "[" "as.matrix" "decomp" "linkages" 
"decomp" "linkages" 
"linkages" 
"kill" "linkages" 
"output" "linkages" 
"kill" "linkages" 
"kill" "linkages" 
"linkages" 
"rweibull" "kill" "linkages" 
"kill" "linkages" 
"decomp" "linkages" 
"names" "names" "[.data.frame" "[" "as.matrix" "decomp" "linkages" 
"decomp" "linkages" 
"grow.opt" "linkages" 
"rweibull" "kill" "linkages" 
"kill" "linkages" 
"kill" "linkages" 
":" "decomp" "linkages" 
"anyDuplicated" "[.data.frame" "[" "as.matrix" "decomp" "linkages" 
"rweibull" "kill" "linkages" 
"kill" "linkages" 
"anyDuplicated" "[.data.frame" "[" "as.matrix" "decomp" "linkages" 
"print.default" "print" "birth" "linkages" 
"FUN" "apply" "grow.opt" "linkages" 
"$" "grow.opt" "linkages" 
"rweibull" "kill" "linkages" 
"length" "FUN" "vapply" "as.matrix.data.frame" "as.matrix" "decomp" "linkages" 
"apply" "grow.opt" "linkages" 
"[[" "[.data.frame" "[" "as.matrix" "decomp" "linkages" 
"kill" "linkages" 
"kill" "linkages" 
"kill" "linkages" 
"rweibull" "kill" "linkages" 
"rweibull" "kill" "linkages" 
"linkages" 
"kill" "linkages" 
"rweibull" "kill" "linkages" 
"kill" "linkages" 
"kill" "linkages" 
"is.numeric" "as.matrix.data.frame" "as.matrix" "decomp" "linkages" 
"linkages" 
"kill" "linkages" 
"[" "birth" "linkages" 
"birth" "linkages" 
"decomp" "linkages" 
"rweibull" "kill" "linkages" 
"rweibull" "kill" "linkages" 
"is.na" "output" "linkages" 
"sys.call" "%in%" "[.data.frame" "[" "decomp" "linkages" 
"linkages" 
"rweibull" "kill" "linkages" 
"[" "as.matrix" "decomp" "linkages" 
"birth" "linkages" 
"kill" "linkages" 
"[.data.frame" "[" "decomp" "linkages" 
"unlist" "as.matrix.data.frame" "as.matrix" "decomp" "linkages" 
"unlist" "unlist" "decomp" "linkages" 
"decomp" "linkages" 
"[.data.frame" "[" "decomp" "linkages" 
"print.default" "print" "birth" "linkages" 
"print.default" "print" "birth" "linkages" 
"levels" "Ops.factor" "birth" "linkages" 
"rweibull" "kill" "linkages" 
"kill" "linkages" 
"kill" "linkages" 
"[.data.frame" "[" "decomp" "linkages" 
"kill" "linkages" 
"output" "linkages" 
"rweibull" "kill" "linkages" 
"%in%" "[.data.frame" "[" "as.matrix" "decomp" "linkages" 
"linkages" 
"apply" "grow.opt" "linkages" 
"kill" "linkages" 
"decomp" "linkages" 
"grow.opt" "linkages" 
"grow.opt" "linkages" 
"kill" "linkages" 
"birth" "linkages" 
"mean.default" "mean" "grow.opt" "linkages" 
"kill" "linkages" 
"rweibull" "kill" "linkages" 
"linkages" 
"%in%" "[.data.frame" "[" "as.matrix" "decomp" "linkages" 
"decomp" "linkages" 
"linkages" 
"rweibull" "kill" "linkages" 
"mean" "grow.opt" "linkages" 
"decomp" "linkages" 
"decomp" "linkages" 
"attr" "levels.default" "levels" "as.matrix.data.frame" "as.matrix" "decomp" "linkages" 
"birth" "linkages" 
"kill" "linkages" 
"linkages" 
"apply" "grow.opt" "linkages" 
"kill" "linkages" 
"ifelse" "grow.opt" "linkages" 
"kill" "linkages" 
"kill" "linkages" 
"runif" "birth" "linkages" 
"rweibull" "kill" "linkages" 
"output" "linkages" 
"kill" "linkages" 
"decomp" "linkages" 
"matrix" "birth" "linkages" 
"kill" "linkages" 
"Ops.factor" "birth" "linkages" 
"rweibull" "kill" "linkages" 
"kill" "linkages" 
"kill" "linkages" 
"kill" "linkages" 
"kill" "linkages" 
"decomp" "linkages" 
"[.data.frame" "[" "moist" "linkages" 
"print.default" "print" "birth" "linkages" 
"unlist" "linkages" 
"names" "names" "[.data.frame" "[" "moist" "linkages" 
"[" "birth" "linkages" 
"kill" "linkages" 
"kill" "linkages" 
"grow.opt" "linkages" 
"lengths" "apply" "grow.opt" "linkages" 
"grow.opt" "linkages" 
"print.default" "print" "birth" "linkages" 
"kill" "linkages" 
"as.matrix.data.frame" "as.matrix" "decomp" "linkages" 
"birth" "linkages" 
"c" "aperm.default" "aperm" "apply" "grow.opt" "linkages" 
"kill" "linkages" 
"%in%" "[.data.frame" "[" "as.matrix" "decomp" "linkages" 
"birth" "linkages" 
"linkages" 
"rweibull" "kill" "linkages" 
"length" "length" "[.data.frame" "[" "as.matrix" "decomp" "linkages" 
"structure" "[.data.frame" "[" "as.matrix" "decomp" "linkages" 
"length" "length" "[.data.frame" "[" "as.matrix" "decomp" "linkages" 
"apply" "grow.opt" "linkages" 
"rweibull" "kill" "linkages" 
"rweibull" "kill" "linkages" 
"kill" "linkages" 
"kill" "linkages" 
"kill" "linkages" 
"moist" "linkages" 
"decomp" "linkages" 
"grow.opt" "linkages" 
"[[.data.frame" "[[" "[.data.frame" "[" "as.matrix" "decomp" "linkages" 
"decomp" "linkages" 
"kill" "linkages" 
"rweibull" "kill" "linkages" 
"*" "kill" "linkages" 
"kill" "linkages" 
"$" "output" "linkages" 
"unlist" "linkages" 
"kill" "linkages" 
"rweibull" "kill" "linkages" 
"rweibull" "kill" "linkages" 
"rweibull" "kill" "linkages" 
"decomp" "linkages" 
"linkages" 
"birth" "linkages" 
"rweibull" "kill" "linkages" 
"[.data.frame" "[" "decomp" "linkages" 
"vapply" "as.matrix.data.frame" "as.matrix" "decomp" "linkages" 
"birth" "linkages" 
"kill" "linkages" 
"[[" "[.data.frame" "[" "as.matrix" "decomp" "linkages" 
"rweibull" "kill" "linkages" 
"NextMethod" "[.factor" "[" "birth" "linkages" 
"levels" "Ops.factor" "birth" "linkages" 
"kill" "linkages" 
"rweibull" "kill" "linkages" 
"apply" "grow.opt" "linkages" 
"levels" "as.matrix.data.frame" "as.matrix" "decomp" "linkages" 
"linkages" 
"kill" "linkages" 
"kill" "linkages" 
"structure" "[.data.frame" "[" "as.matrix" "decomp" "linkages" 
"as.list" "as.matrix.data.frame" "as.matrix" "decomp" "linkages" 
"[.data.frame" "[" "as.matrix" "decomp" "linkages" 
"sys.call" "%in%" "[[.data.frame" "[[" "[.data.frame" "[" "as.matrix" "decomp" "linkages" 
"output" "linkages" 
"levels" "as.matrix.data.frame" "as.matrix" "decomp" "linkages" 
"ifelse" "grow.opt" "linkages" 
"kill" "linkages" 
"&" "kill" "linkages" 
"birth" "linkages" 
"levels.default" "levels" "as.matrix.data.frame" "as.matrix" "decomp" "linkages" 
"grow.opt" "linkages" 
"grow.opt" "linkages" 
"apply" "grow.opt" "linkages" 
"grow.opt" "linkages" 
"kill" "linkages" 
"kill" "linkages" 
"linkages" 
"matrix" "grow.opt" "linkages" 
"grow.opt" "linkages" 
"Ops.factor" "birth" "linkages" 
"kill" "linkages" 
"decomp" "linkages" 
"ifelse" "grow.opt" "linkages" 
"kill" "linkages" 
"kill" "linkages" 
"kill" "linkages" 
"apply" "grow.opt" "linkages" 
"names" "names" "[.data.frame" "[" "as.matrix" "decomp" "linkages" 
"rweibull" "kill" "linkages" 
"kill" "linkages" 
"decomp" "linkages" 
"grow.opt" "linkages" 
"kill" "linkages" 
"as.list.default" "as.list" "vapply" "as.matrix.data.frame" "as.matrix" "decomp" "linkages" 
"kill" "linkages" 
"decomp" "linkages" 
"kill" "linkages" 
"linkages" 
"rweibull" "kill" "linkages" 
"birth" "linkages" 
"kill" "linkages" 
"kill" "linkages" 
"linkages" 
"levels" "as.matrix.data.frame" "as.matrix" "decomp" "linkages" 
"kill" "linkages" 
"linkages" 
"runif" "birth" "linkages" 
"rweibull" "kill" "linkages" 
"birth" "linkages" 
"rweibull" "kill" "linkages" 
"[[.data.frame" "[[" "[.data.frame" "[" "as.matrix" "decomp" "linkages" 
"decomp" "linkages" 
"linkages" 
"kill" "linkages" 
"aperm.default" "aperm" "apply" "grow.opt" "linkages" 
"linkages" 
"which" "ifelse" "grow.opt" "linkages" 
"print.default" "print" "birth" "linkages" 
"kill" "linkages" 
"unlist" "linkages" 
"moist" "linkages" 
"sys.call" "%in%" "[[.data.frame" "[[" "[.data.frame" "[" "as.matrix" "decomp" "linkages" 
"birth" "linkages" 
"NextMethod" "[.factor" "[" "birth" "linkages" 
"FUN" "apply" "grow.opt" "linkages" 
"kill" "linkages" 
"sys.call" "%in%" "[.data.frame" "[" "decomp" "linkages" 
"decomp" "linkages" 
"linkages" 
"kill" "linkages" 
"kill" "linkages" 
"kill" "linkages" 
"kill" "linkages" 
"output" "linkages" 
"anyDuplicated.default" "anyDuplicated" "[.data.frame" "[" "as.matrix" "decomp" "linkages" 
"rweibull" "kill" "linkages" 
"decomp" "linkages" 
"decomp" "linkages" 
"rweibull" "kill" "linkages" 
"kill" "linkages" 
"kill" "linkages" 
"output" "linkages" 
"as.matrix.data.frame" "as.matrix" "decomp" "linkages" 
"apply" "grow.opt" "linkages" 
"kill" "linkages" 
"kill" "linkages" 
"output" "linkages" 
"output" "linkages" 
"print.default" "print" "birth" "linkages" 
"decomp" "linkages" 
"decomp" "linkages" 
"decomp" "linkages" 
"rweibull" "kill" "linkages" 
"rweibull" "kill" "linkages" 
"rweibull" "kill" "linkages" 
"kill" "linkages" 
"kill" "linkages" 
"kill" "linkages" 
"[.data.frame" "[" "decomp" "linkages" 
"output" "linkages" 
"rweibull" "kill" "linkages" 
"matrix" "decomp" "linkages" 
"kill" "linkages" 
"rweibull" "kill" "linkages" 
"rweibull" "kill" "linkages" 
"kill" "linkages" 
"output" "linkages" 
"grow.opt" "linkages" 
"kill" "linkages" 
"linkages" 
"moist" "linkages" 
"grow.opt" "linkages" 
"decomp" "linkages" 
"kill" "linkages" 
"rweibull" "kill" "linkages" 
"decomp" "linkages" 
"kill" "linkages" 
"kill" "linkages" 
"rweibull" "kill" "linkages" 
"kill" "linkages" 
"print.default" "print" "birth" "linkages" 
"apply" "grow.opt" "linkages" 
"kill" "linkages" 
"linkages" 
"grow.opt" "linkages" 
"linkages" 
"decomp" "linkages" 
"rbind" "decomp" "linkages" 
"apply" "grow.opt" "linkages" 
"kill" "linkages" 
"kill" "linkages" 
"NextMethod" "[.factor" "[" "output" "linkages" 
"Ops.factor" "birth" "linkages" 
"kill" "linkages" 
"linkages" 
"grow.opt" "linkages" 
"kill" "linkages" 
"kill" "linkages" 
"output" "linkages" 
"names" "[.data.frame" "[" "decomp" "linkages" 
"grow.opt" "linkages" 
"kill" "linkages" 
"matrix" "grow.opt" "linkages" 
"kill" "linkages" 
"kill" "linkages" 
"all" "[.data.frame" "[" "as.matrix" "decomp" "linkages" 
"kill" "linkages" 
"rweibull" "kill" "linkages" 
"rev" "rev" "grow.opt" "linkages" 
"[" "decomp" "linkages" 
"decomp" "linkages" 
"[[.data.frame" "[[" "[.data.frame" "[" "as.matrix" "decomp" "linkages" 
"kill" "linkages" 
"kill" "linkages" 
"[.data.frame" "[" "as.matrix" "decomp" "linkages" 
"c" "grow.opt" "linkages" 
"linkages" 
"kill" "linkages" 
"birth" "linkages" 
"*" "decomp" "linkages" 
"anyDuplicated" "[.data.frame" "[" "unlist" "decomp" "linkages" 
"[.data.frame" "[" "as.matrix" "decomp" "linkages" 
"kill" "linkages" 
"grow.opt" "linkages" 
"&" "kill" "linkages" 
"kill" "linkages" 
"print.default" "print" "birth" "linkages" 
"rweibull" "kill" "linkages" 
"<=" "kill" "linkages" 
"rweibull" "kill" "linkages" 
"rweibull" "kill" "linkages" 
"kill" "linkages" 
"[.data.frame" "[" "as.matrix" "decomp" "linkages" 
"rweibull" "kill" "linkages" 
"kill" "linkages" 
"decomp" "linkages" 
"birth" "linkages" 
"levels" "Ops.factor" "birth" "linkages" 
"kill" "linkages" 
"kill" "linkages" 
"runif" "kill" "linkages" 
"as.matrix.data.frame" "as.matrix" "decomp" "linkages" 
"grow.opt" "linkages" 
"kill" "linkages" 
"kill" "linkages" 
"kill" "linkages" 
"kill" "linkages" 
"as.matrix.default" "as.matrix" "decomp" "linkages" 
"grow.opt" "linkages" 
"linkages" 
"decomp" "linkages" 
"levels" "Ops.factor" "birth" "linkages" 
"kill" "linkages" 
"kill" "linkages" 
"kill" "linkages" 
"grow.opt" "linkages" 
"[" "output" "linkages" 
"kill" "linkages" 
"rweibull" "kill" "linkages" 
"levels" "Ops.factor" "birth" "linkages" 
"kill" "linkages" 
"birth" "linkages" 
"$" "grow.opt" "linkages" 
"kill" "linkages" 
"linkages" 
"(" "kill" "linkages" 
"kill" "linkages" 
"moist" "linkages" 
"anyDuplicated" "[.data.frame" "[" "as.matrix" "decomp" "linkages" 
"kill" "linkages" 
"birth" "linkages" 
"grow.opt" "linkages" 
"levels" "Ops.factor" "birth" "linkages" 
"linkages" 
"kill" "linkages" 
"output" "linkages" 
"decomp" "linkages" 
"levels" "Ops.factor" "birth" "linkages" 
"kill" "linkages" 
"birth" "linkages" 
"[[.data.frame" "[[" "[.data.frame" "[" "as.matrix" "decomp" "linkages" 
"as.list.default" "as.list" "as.matrix.data.frame" "as.matrix" "decomp" "linkages" 
"apply" "grow.opt" "linkages" 
"kill" "linkages" 
"isTRUE" "apply" "grow.opt" "linkages" 
"apply" "grow.opt" "linkages" 
"kill" "linkages" 
"tempe" "linkages" 
"levels" "Ops.factor" "birth" "linkages" 
"kill" "linkages" 
"apply" "grow.opt" "linkages" 
"[.data.frame" "[" "moist" "linkages" 
"apply" "grow.opt" "linkages" 
"[.data.frame" "[" "as.matrix" "decomp" "linkages" 
"[.data.frame" "[" "decomp" "linkages" 
"[.data.frame" "[" "as.matrix" "decomp" "linkages" 
"which" "birth" "linkages" 
"$" "birth" "linkages" 
"[[" "[.data.frame" "[" "as.matrix" "decomp" "linkages" 
"linkages" 
"rweibull" "kill" "linkages" 
"linkages" 
"rweibull" "kill" "linkages" 
"kill" "linkages" 
"kill" "linkages" 
"[.data.frame" "[" "as.matrix" "decomp" "linkages" 
"runif" "birth" "linkages" 
"kill" "linkages" 
"NextMethod" "[.factor" "[" "birth" "linkages" 
"kill" "linkages" 
"kill" "linkages" 
"kill" "linkages" 
"kill" "linkages" 
"linkages" 
"Ops.factor" "birth" "linkages" 
"linkages" 
"kill" "linkages" 
"decomp" "linkages" 
"kill" "linkages" 
"kill" "linkages" 
"rweibull" "kill" "linkages" 
"output" "linkages" 
"linkages" 
"rbind" "apply" "grow.opt" "linkages" 
"print" "birth" "linkages" 
"anyDuplicated" "[.data.frame" "[" "as.matrix" "decomp" "linkages" 
"linkages" 
"birth" "linkages" 
"rweibull" "kill" "linkages" 
"rweibull" "kill" "linkages" 
"kill" "linkages" 
"kill" "linkages" 
"grow.opt" "linkages" 
"decomp" "linkages" 
"matrix" "grow.opt" "linkages" 
"kill" "linkages" 
"kill" "linkages" 
"kill" "linkages" 
"$" "gmult" "linkages" 
"kill" "linkages" 
"kill" "linkages" 
"output" "linkages" 
"decomp" "linkages" 
"unlist" "apply" "grow.opt" "linkages" 
"kill" "linkages" 
"kill" "linkages" 
"unlist" "linkages" 
"kill" "linkages" 
"dim.data.frame" "dim" "dim" "as.matrix.data.frame" "as.matrix" "decomp" "linkages" 
"grow.opt" "linkages" 
"kill" "linkages" 
"kill" "linkages" 
"decomp" "linkages" 
"-" "kill" "linkages" 
"levels" "Ops.factor" "birth" "linkages" 
"rweibull" "kill" "linkages" 
"output" "linkages" 
"birth" "linkages" 
"linkages" 
"kill" "linkages" 
"output" "linkages" 
"kill" "linkages" 
"kill" "linkages" 
"kill" "linkages" 
"kill" "linkages" 
"kill" "linkages" 
"[.data.frame" "[" "moist" "linkages" 
"birth" "linkages" 
"apply" "grow.opt" "linkages" 
"prod" "apply" "grow.opt" "linkages" 
"birth" "linkages" 
"kill" "linkages" 
"rweibull" "kill" "linkages" 
"kill" "linkages" 
"kill" "linkages" 
"linkages" 
"output" "linkages" 
"birth" "linkages" 
"kill" "linkages" 
"birth" "linkages" 
"kill" "linkages" 
"kill" "linkages" 
"[[" "[.data.frame" "[" "as.matrix" "decomp" "linkages" 
"decomp" "linkages" 
"apply" "grow.opt" "linkages" 
"kill" "linkages" 
"output" "linkages" 
"[.data.frame" "[" "decomp" "linkages" 
"kill" "linkages" 
"kill" "linkages" 
"apply" "grow.opt" "linkages" 
"apply" "grow.opt" "linkages" 
"kill" "linkages" 
"kill" "linkages" 
"kill" "linkages" 
"kill" "linkages" 
"linkages" 
"kill" "linkages" 
"prod" "apply" "grow.opt" "linkages" 
"kill" "linkages" 
"decomp" "linkages" 
"[.data.frame" "[" "decomp" "linkages" 
"levels" "Ops.factor" "birth" "linkages" 
"birth" "linkages" 
"kill" "linkages" 
"mean" "grow.opt" "linkages" 
"kill" "linkages" 
"kill" "linkages" 
"sum" "birth" "linkages" 
"kill" "linkages" 
"kill" "linkages" 
"rweibull" "kill" "linkages" 
"[" "as.matrix" "decomp" "linkages" 
"print.default" "print" "birth" "linkages" 
"rweibull" "kill" "linkages" 
"kill" "linkages" 
"kill" "linkages" 
"kill" "linkages" 
"birth" "linkages" 
"birth" "linkages" 
"grow.opt" "linkages" 
"aperm.default" "aperm" "apply" "grow.opt" "linkages" 
"kill" "linkages" 
"rweibull" "kill" "linkages" 
"kill" "linkages" 
"linkages" 
"kill" "linkages" 
"kill" "linkages" 
"birth" "linkages" 
"kill" "linkages" 
"linkages" 
"kill" "linkages" 
"decomp" "linkages" 
"apply" "grow.opt" "linkages" 
"sys.call" "%in%" "[.data.frame" "[" "decomp" "linkages" 
"kill" "linkages" 
"rweibull" "kill" "linkages" 
"kill" "linkages" 
"apply" "grow.opt" "linkages" 
"rweibull" "kill" "linkages" 
"kill" "linkages" 
"FUN" "apply" "grow.opt" "linkages" 
"linkages" 
"kill" "linkages" 
"kill" "linkages" 
"output" "linkages" 
"kill" "linkages" 
"[.data.frame" "[" "moist" "linkages" 
"FUN" "apply" "grow.opt" "linkages" 
"kill" "linkages" 
"kill" "linkages" 
"rweibull" "kill" "linkages" 
"as.matrix.data.frame" "as.matrix" "decomp" "linkages" 
"matrix" "grow.opt" "linkages" 
"c" "grow.opt" "linkages" 
"rev.default" "rev" "rev" "grow.opt" "linkages" 
"rweibull" "kill" "linkages" 
"gmult" "linkages" 
"kill" "linkages" 
"kill" "linkages" 
"kill" "linkages" 
"as.matrix" "decomp" "linkages" 
"linkages" 
"/" "kill" "linkages" 
"%in%" "[[.data.frame" "[[" "[.data.frame" "[" "as.matrix" "decomp" "linkages" 
"output" "linkages" 
"as.matrix" "decomp" "linkages" 
"decomp" "linkages" 
"apply" "grow.opt" "linkages" 
"kill" "linkages" 
"kill" "linkages" 
"[[.data.frame" "[[" "[.data.frame" "[" "as.matrix" "decomp" "linkages" 
"print.default" "print" "birth" "linkages" 
"apply" "grow.opt" "linkages" 
"rweibull" "kill" "linkages" 
"kill" "linkages" 
"decomp" "linkages" 
"linkages" 
"decomp" "linkages" 
"kill" "linkages" 
"kill" "linkages" 
"linkages" 
"names" "array" "as.matrix.default" "as.matrix" "decomp" "linkages" 
"decomp" "linkages" 
"output" "linkages" 
"output" "linkages" 
"dim.data.frame" "dim" "dim" "as.matrix.data.frame" "as.matrix" "decomp" "linkages" 
"[.data.frame" "[" "as.matrix" "decomp" "linkages" 
"linkages" 
"kill" "linkages" 
"decomp" "linkages" 
"grow.opt" "linkages" 
"kill" "linkages" 
"rweibull" "kill" "linkages" 
"kill" "linkages" 
"rweibull" "kill" "linkages" 
"[.data.frame" "[" "moist" "linkages" 
"kill" "linkages" 
"linkages" 
"Ops.factor" "birth" "linkages" 
"kill" "linkages" 
"grow.opt" "linkages" 
"decomp" "linkages" 
"aperm.default" "aperm" "apply" "grow.opt" "linkages" 
"rweibull" "kill" "linkages" 
"kill" "linkages" 
"anyDuplicated" "[.data.frame" "[" "as.matrix" "decomp" "linkages" 
"Ops.factor" "birth" "linkages" 
"kill" "linkages" 
"*" "kill" "linkages" 
"any" "as.matrix.data.frame" "as.matrix" "decomp" "linkages" 
"kill" "linkages" 
"birth" "linkages" 
"decomp" "linkages" 
"anyDuplicated.default" "anyDuplicated" "[.data.frame" "[" "as.matrix" "decomp" "linkages" 
"as.matrix.data.frame" "as.matrix" "decomp" "linkages" 
"apply" "grow.opt" "linkages" 
"apply" "grow.opt" "linkages" 
"anyDuplicated.default" "anyDuplicated" "[.data.frame" "[" "as.matrix" "decomp" "linkages" 
"kill" "linkages" 
"linkages" 
"grow.opt" "linkages" 
"apply" "grow.opt" "linkages" 
"kill" "linkages" 
"aperm" "apply" "grow.opt" "linkages" 
"kill" "linkages" 
"list" "moist" "linkages" 
"[.data.frame" "[" "as.matrix" "decomp" "linkages" 
"kill" "linkages" 
"linkages" 
"(" "decomp" "linkages" 
"runif" "birth" "linkages" 
"levels" "Ops.factor" "birth" "linkages" 
"grow.opt" "linkages" 
"seq_along" "structure" "[.data.frame" "[" "as.matrix" "decomp" "linkages" 
"linkages" 
"decomp" "linkages" 
"kill" "linkages" 
"kill" "linkages" 
"rweibull" "kill" "linkages" 
"kill" "linkages" 
"kill" "linkages" 
"output" "linkages" 
"%in%" "[[.data.frame" "[[" "[.data.frame" "[" "as.matrix" "decomp" "linkages" 
"linkages" 
"rweibull" "kill" "linkages" 
"rweibull" "kill" "linkages" 
"[.data.frame" "[" "as.matrix" "decomp" "linkages" 
"kill" "linkages" 
"kill" "linkages" 
"kill" "linkages" 
"output" "linkages" 
"apply" "grow.opt" "linkages" 
"apply" "grow.opt" "linkages" 
"levels" "Ops.factor" "birth" "linkages" 
"rweibull" "kill" "linkages" 
"all" "[[.data.frame" "[[" "[.data.frame" "[" "as.matrix" "decomp" "linkages" 
"$" "gmult" "linkages" 
"decomp" "linkages" 
"birth" "linkages" 
"levels" "Ops.factor" "birth" "linkages" 
"apply" "grow.opt" "linkages" 
"NextMethod" "[.factor" "[" "output" "linkages" 
"grow.opt" "linkages" 
"kill" "linkages" 
"kill" "linkages" 
"[[.data.frame" "[[" "[.data.frame" "[" "as.matrix" "decomp" "linkages" 
"decomp" "linkages" 
"kill" "linkages" 
"kill" "linkages" 
"kill" "linkages" 
"kill" "linkages" 
"rweibull" "kill" "linkages" 
"kill" "linkages" 
"is.na" "output" "linkages" 
"%in%" "as.matrix.data.frame" "as.matrix" "decomp" "linkages" 
"[.data.frame" "[" "moist" "linkages" 
"(" "decomp" "linkages" 
"apply" "grow.opt" "linkages" 
"output" "linkages" 
"kill" "linkages" 
"dim.data.frame" "dim" "dim" "as.matrix.data.frame" "as.matrix" "decomp" "linkages" 
"birth" "linkages" 
"kill" "linkages" 
"kill" "linkages" 
"rweibull" "kill" "linkages" 
"[.factor" "[" "output" "linkages" 
"[[" "[.data.frame" "[" "as.matrix" "decomp" "linkages" 
"decomp" "linkages" 
"rweibull" "kill" "linkages" 
"kill" "linkages" 
"kill" "linkages" 
">" "kill" "linkages" 
"length" "[.data.frame" "[" "decomp" "linkages" 
"[.data.frame" "[" "decomp" "linkages" 
"attr" "levels.default" "levels" "Ops.factor" "birth" "linkages" 
"kill" "linkages" 
"kill" "linkages" 
"rweibull" "kill" "linkages" 
"decomp" "linkages" 
"==" "decomp" "linkages" 
"rweibull" "kill" "linkages" 
"kill" "linkages" 
"rbind" "decomp" "linkages" 
"kill" "linkages" 
"kill" "linkages" 
"kill" "linkages" 
"decomp" "linkages" 
"kill" "linkages" 
"kill" "linkages" 
"linkages" 
"apply" "grow.opt" "linkages" 
"kill" "linkages" 
"Ops.factor" "birth" "linkages" 
"linkages" 
"rweibull" "kill" "linkages" 
"linkages" 
"decomp" "linkages" 
"apply" "grow.opt" "linkages" 
"linkages" 
"%in%" "[.data.frame" "[" "moist" "linkages" 
"kill" "linkages" 
"[[.data.frame" "[[" "[.data.frame" "[" "as.matrix" "decomp" "linkages" 
"decomp" "linkages" 
"birth" "linkages" 
"kill" "linkages" 
"row.names" "as.matrix.data.frame" "as.matrix" "decomp" "linkages" 
"decomp" "linkages" 
"kill" "linkages" 
"kill" "linkages" 
"decomp" "linkages" 
"[.data.frame" "[" "as.matrix" "decomp" "linkages" 
"kill" "linkages" 
"anyDuplicated" "[.data.frame" "[" "as.matrix" "decomp" "linkages" 
"levels" "Ops.factor" "birth" "linkages" 
"kill" "linkages" 
"kill" "linkages" 
"kill" "linkages" 
"*" "kill" "linkages" 
"kill" "linkages" 
"levels" "Ops.factor" "birth" "linkages" 
"kill" "linkages" 
"kill" "linkages" 
"apply" "grow.opt" "linkages" 
"grow.opt" "linkages" 
"moist" "linkages" 
"decomp" "linkages" 
"apply" "grow.opt" "linkages" 
"kill" "linkages" 
"kill" "linkages" 
"output" "linkages" 
"kill" "linkages" 
"[.data.frame" "[" "as.matrix" "decomp" "linkages" 
"[.data.frame" "[" "moist" "linkages" 
"kill" "linkages" 
"runif" "birth" "linkages" 
"moist" "linkages" 
"apply" "grow.opt" "linkages" 
"kill" "linkages" 
"kill" "linkages" 
"decomp" "linkages" 
"kill" "linkages" 
"decomp" "linkages" 
"kill" "linkages" 
"decomp" "linkages" 
"linkages" 
"kill" "linkages" 
"output" "linkages" 
"kill" "linkages" 
"[" "birth" "linkages" 
"kill" "linkages" 
"rweibull" "kill" "linkages" 
"sys.call" "%in%" "[[.data.frame" "[[" "[.data.frame" "[" "as.matrix" "decomp" "linkages" 
"[.data.frame" "[" "decomp" "linkages" 
"grow.opt" "linkages" 
"kill" "linkages" 
"kill" "linkages" 
"kill" "linkages" 
"decomp" "linkages" 
"rweibull" "kill" "linkages" 
"kill" "linkages" 
"output" "linkages" 
"decomp" "linkages" 
"linkages" 
"rweibull" "kill" "linkages" 
"kill" "linkages" 
"kill" "linkages" 
"rweibull" "kill" "linkages" 
"output" "linkages" 
"levels" "as.matrix.data.frame" "as.matrix" "decomp" "linkages" 
"kill" "linkages" 
"kill" "linkages" 
"decomp" "linkages" 
"kill" "linkages" 
"kill" "linkages" 
"levels" "Ops.factor" "birth" "linkages" 
"kill" "linkages" 
"%in%" "[.data.frame" "[" "moist" "linkages" 
"decomp" "linkages" 
"rweibull" "kill" "linkages" 
"linkages" 
"kill" "linkages" 
"attr" "levels.default" "levels" "as.matrix.data.frame" "as.matrix" "decomp" "linkages" 
"kill" "linkages" 
"Ops.factor" "birth" "linkages" 
"[.data.frame" "[" "moist" "linkages" 
"Ops.factor" "birth" "linkages" 
"kill" "linkages" 
"kill" "linkages" 
"rweibull" "kill" "linkages" 
"kill" "linkages" 
"birth" "linkages" 
"rweibull" "kill" "linkages" 
"kill" "linkages" 
"kill" "linkages" 
"rweibull" "kill" "linkages" 
"FUN" "apply" "grow.opt" "linkages" 
"rweibull" "kill" "linkages" 
"kill" "linkages" 
"tempe" "linkages" 
"matrix" "gmult" "linkages" 
"kill" "linkages" 
"linkages" 
"decomp" "linkages" 
"kill" "linkages" 
"kill" "linkages" 
"rev.default" "rev" "rev" "grow.opt" "linkages" 
"[" "output" "linkages" 
"==" "kill" "linkages" 
"output" "linkages" 
"apply" "grow.opt" "linkages" 
"rweibull" "kill" "linkages" 
"rweibull" "kill" "linkages" 
"linkages" 
"[.data.frame" "[" "decomp" "linkages" 
"rbind" "decomp" "linkages" 
"kill" "linkages" 
"kill" "linkages" 
"kill" "linkages" 
"print.default" "print" "birth" "linkages" 
"kill" "linkages" 
"/" "kill" "linkages" 
"==" "kill" "linkages" 
"linkages" 
"as.matrix.data.frame" "as.matrix" "decomp" "linkages" 
"[.data.frame" "[" "decomp" "linkages" 
"as.list" "vapply" "as.matrix.data.frame" "as.matrix" "decomp" "linkages" 
"levels" "as.matrix.data.frame" "as.matrix" "decomp" "linkages" 
"decomp" "linkages" 
"moist" "linkages" 
"linkages" 
"kill" "linkages" 
"NextMethod" "[.factor" "[" "output" "linkages" 
"kill" "linkages" 
"grow.opt" "linkages" 
"apply" "grow.opt" "linkages" 
"kill" "linkages" 
"decomp" "linkages" 
"birth" "linkages" 
"kill" "linkages" 
"kill" "linkages" 
"isTRUE" "which" "kill" "linkages" 
"birth" "linkages" 
"kill" "linkages" 
"as.matrix.data.frame" "as.matrix" "decomp" "linkages" 
"linkages" 
"linkages" 
"kill" "linkages" 
"rweibull" "kill" "linkages" 
"linkages" 
"levels" "Ops.factor" "birth" "linkages" 
"aperm" "apply" "grow.opt" "linkages" 
"birth" "linkages" 
"rweibull" "kill" "linkages" 
"as.matrix" "decomp" "linkages" 
"linkages" 
"kill" "linkages" 
"decomp" "linkages" 
"kill" "linkages" 
"NextMethod" "[.factor" "[" "birth" "linkages" 
"kill" "linkages" 
"[.data.frame" "[" "as.matrix" "decomp" "linkages" 
"rweibull" "kill" "linkages" 
"kill" "linkages" 
